<?xml version="1.0" encoding="UTF-8"?>
<!-- Generated by org.testng.reporters.JUnitXMLReporter -->
<testsuite ignored="0" hostname="DESKTOP-PUEM7QG" failures="2" tests="21" name="Surefire test" time="70.432" errors="0" timestamp="2024-08-07T14:21:58 IST">
  <testcase classname="com.test.TestMain" name="alert" time="14.258"/>
  <testcase classname="com.test.TestMain" name="dropdownSelect" time="0.004">
    <failure type="java.lang.NullPointerException" message="Cannot invoke &amp;quot;org.openqa.selenium.WebDriver.findElement(org.openqa.selenium.By)&amp;quot; because &amp;quot;this.driver&amp;quot; is null">
      <![CDATA[java.lang.NullPointerException: Cannot invoke "org.openqa.selenium.WebDriver.findElement(org.openqa.selenium.By)" because "this.driver" is null
at com.test.TestMain.dropdownSelect(TestMain.java:539)
at java.base/java.util.ArrayList.forEach(ArrayList.java:1597)
... Removed 30 stack frames]]>
    </failure>
  </testcase> <!-- dropdownSelect -->
  <testcase classname="com.test.TestMain" name="fileUpload" time="0.004"/>
  <testcase classname="com.test.TestMain" name="handleWindows" time="12.681"/>
  <testcase classname="com.test.TestMain" name="hashMapIterator" time="0.001"/>
  <testcase classname="com.test.TestMain" name="hiddenMethodELmenents" time="15.426"/>
  <testcase classname="com.test.TestMain" name="implictWait" time="4.248"/>
  <testcase classname="com.test.TestMain" name="javaProgram" time="0.008"/>
  <testcase classname="com.test.TestMain" name="launchBrowser" time="0.001"/>
  <testcase classname="com.test.TestMain" name="readExcel" time="0.418"/>
  <testcase classname="com.test.TestMain" name="replaceStringInArrayList" time="0.002"/>
  <testcase classname="com.test.TestMain" name="selectElementByCSSSelector" time="8.548"/>
  <testcase classname="com.test.TestMain" name="switchFrames" time="0.001">
    <failure type="java.lang.NullPointerException" message="Cannot invoke &amp;quot;org.openqa.selenium.WebDriver.findElement(org.openqa.selenium.By)&amp;quot; because &amp;quot;this.driver&amp;quot; is null">
      <![CDATA[java.lang.NullPointerException: Cannot invoke "org.openqa.selenium.WebDriver.findElement(org.openqa.selenium.By)" because "this.driver" is null
at com.test.TestMain.switchFrames(TestMain.java:560)
at java.base/java.util.ArrayList.forEach(ArrayList.java:1597)
... Removed 30 stack frames]]>
    </failure>
  </testcase> <!-- switchFrames -->
  <testcase classname="com.test.TestMain" name="tableTraverse" time="10.595"/>
  <testcase classname="com.test.TestMain" name="testTDD" time="0.003"/>
  <testcase classname="com.test.TestMain" name="testTDD" time="0.001"/>
  <testcase classname="com.test.TestMain" name="testTDD" time="0.001"/>
  <testcase classname="com.test.TestMain" name="testTDD" time="0.0"/>
  <testcase classname="com.test.TestMain" name="throwMethod" time="0.001"/>
  <testcase classname="com.test.TestMain" name="throwsMethod" time="0.001"/>
  <testcase classname="com.test.TestMain" name="waitMethods" time="4.099"/>
</testsuite> <!-- Surefire test -->
