<?xml version="1.0" encoding="UTF-8"?>
<!-- Generated by org.testng.reporters.JUnitXMLReporter -->
<testsuite ignored="36" hostname="DESKTOP-PUEM7QG" failures="0" tests="1" name="Default test" time="0.06" errors="0" timestamp="2024-09-07T20:07:48 IST">
  <testcase classname="com.test.JavaBasicPrograms" name="InteregArrayAscendingOrder" time="0.013"/>
  <testcase classname="com.test.JavaBasicPrograms" name="printArrayInAscendingOrder" time="0.0">
    <ignored/>
  </testcase> <!-- printArrayInAscendingOrder -->
  <testcase classname="com.test.JavaBasicPrograms" name="reverseNumber" time="0.0">
    <ignored/>
  </testcase> <!-- reverseNumber -->
  <testcase classname="com.test.JavaBasicPrograms" name="characterCountInString" time="0.0">
    <ignored/>
  </testcase> <!-- characterCountInString -->
  <testcase classname="com.test.JavaBasicPrograms" name="countDuplicateWords" time="0.0">
    <ignored/>
  </testcase> <!-- countDuplicateWords -->
  <testcase classname="com.test.JavaBasicPrograms" name="swapLastStringValues" time="0.0">
    <ignored/>
  </testcase> <!-- swapLastStringValues -->
  <testcase classname="com.test.JavaBasicPrograms" name="stringArrayShortestNumber" time="0.0">
    <ignored/>
  </testcase> <!-- stringArrayShortestNumber -->
  <testcase classname="com.test.JavaBasicPrograms" name="list_Set_difference" time="0.0">
    <ignored/>
  </testcase> <!-- list_Set_difference -->
  <testcase classname="com.test.JavaBasicPrograms" name="removeDuplicate" time="0.0">
    <ignored/>
  </testcase> <!-- removeDuplicate -->
  <testcase classname="com.test.JavaBasicPrograms" name="fibonacciNumbers" time="0.0">
    <ignored/>
  </testcase> <!-- fibonacciNumbers -->
  <testcase classname="com.test.JavaBasicPrograms" name="listOperations" time="0.0">
    <ignored/>
  </testcase> <!-- listOperations -->
  <testcase classname="com.test.JavaBasicPrograms" name="hashMap" time="0.0">
    <ignored/>
  </testcase> <!-- hashMap -->
  <testcase classname="com.test.JavaBasicPrograms" name="checkVowel" time="0.0">
    <ignored/>
  </testcase> <!-- checkVowel -->
  <testcase classname="com.test.JavaBasicPrograms" name="ListCommanELements" time="0.0">
    <ignored/>
  </testcase> <!-- ListCommanELements -->
  <testcase classname="com.test.JavaBasicPrograms" name="checkStringPermutation" time="0.0">
    <ignored/>
  </testcase> <!-- checkStringPermutation -->
  <testcase classname="com.test.JavaBasicPrograms" name="stringTest" time="0.0">
    <ignored/>
  </testcase> <!-- stringTest -->
  <testcase classname="com.test.JavaBasicPrograms" name="secondLargestInArray" time="0.0">
    <ignored/>
  </testcase> <!-- secondLargestInArray -->
  <testcase classname="com.test.JavaBasicPrograms" name="sortStringArray" time="0.0">
    <ignored/>
  </testcase> <!-- sortStringArray -->
  <testcase classname="com.test.JavaBasicPrograms" name="ArmstrongNumber1" time="0.0">
    <ignored/>
  </testcase> <!-- ArmstrongNumber1 -->
  <testcase classname="com.test.JavaBasicPrograms" name="ArmstrongNumber" time="0.0">
    <ignored/>
  </testcase> <!-- ArmstrongNumber -->
  <testcase classname="com.test.JavaBasicPrograms" name="hashMap1" time="0.0">
    <ignored/>
  </testcase> <!-- hashMap1 -->
  <testcase classname="com.test.JavaBasicPrograms" name="string_Remove_Duplicates_Whitespaces_reverse_1" time="0.0">
    <ignored/>
  </testcase> <!-- string_Remove_Duplicates_Whitespaces_reverse_1 -->
  <testcase classname="com.test.JavaBasicPrograms" name="bigStringValue" time="0.0">
    <ignored/>
  </testcase> <!-- bigStringValue -->
  <testcase classname="com.test.JavaBasicPrograms" name="StringSplitString" time="0.0">
    <ignored/>
  </testcase> <!-- StringSplitString -->
  <testcase classname="com.test.JavaBasicPrograms" name="reverseString" time="0.0">
    <ignored/>
  </testcase> <!-- reverseString -->
  <testcase classname="com.test.JavaBasicPrograms" name="DuplicateCharacterCount" time="0.0">
    <ignored/>
  </testcase> <!-- DuplicateCharacterCount -->
  <testcase classname="com.test.JavaBasicPrograms" name="tryout" time="0.0">
    <ignored/>
  </testcase> <!-- tryout -->
  <testcase classname="com.test.JavaBasicPrograms" name="set" time="0.0">
    <ignored/>
  </testcase> <!-- set -->
  <testcase classname="com.test.JavaBasicPrograms" name="sortStringAndDigits" time="0.0">
    <ignored/>
  </testcase> <!-- sortStringAndDigits -->
  <testcase classname="com.test.JavaBasicPrograms" name="string_Remove_Duplicates_Whitespaces_reverse" time="0.0">
    <ignored/>
  </testcase> <!-- string_Remove_Duplicates_Whitespaces_reverse -->
  <testcase classname="com.test.JavaBasicPrograms" name="stringOccurance1" time="0.0">
    <ignored/>
  </testcase> <!-- stringOccurance1 -->
  <testcase classname="com.test.JavaBasicPrograms" name="sortStringArrayUsingLoop" time="0.0">
    <ignored/>
  </testcase> <!-- sortStringArrayUsingLoop -->
  <testcase classname="com.test.JavaBasicPrograms" name="reverseOnlyLetters" time="0.0">
    <ignored/>
  </testcase> <!-- reverseOnlyLetters -->
  <testcase classname="com.test.JavaBasicPrograms" name="simpleIntegerArray" time="0.0">
    <ignored/>
  </testcase> <!-- simpleIntegerArray -->
  <testcase classname="com.test.JavaBasicPrograms" name="stringArrayLargeNumber" time="0.0">
    <ignored/>
  </testcase> <!-- stringArrayLargeNumber -->
  <testcase classname="com.test.JavaBasicPrograms" name="printArrayInDescendingOrder" time="0.0">
    <ignored/>
  </testcase> <!-- printArrayInDescendingOrder -->
  <testcase classname="com.test.JavaBasicPrograms" name="singleKeyMultipleValues" time="0.0">
    <ignored/>
  </testcase> <!-- singleKeyMultipleValues -->
</testsuite> <!-- Default test -->
