<?xml version="1.0" encoding="UTF-8"?>
<testng-results ignored="0" total="1" passed="1" failed="0" skipped="0">
  <reporter-output>
  </reporter-output>
  <suite started-at="2024-09-07T20:07:48 IST" name="Default suite" finished-at="2024-09-07T20:07:48 IST" duration-ms="60">
    <groups>
    </groups>
    <test started-at="2024-09-07T20:07:48 IST" name="Default test" finished-at="2024-09-07T20:07:48 IST" duration-ms="60">
      <class name="com.test.JavaBasicPrograms">
        <test-method signature="InteregArrayAscendingOrder()[pri:0, instance:com.test.JavaBasicPrograms@645aa696]" started-at="2024-09-07T20:07:48 IST" name="InteregArrayAscendingOrder" finished-at="2024-09-07T20:07:48 IST" duration-ms="13" status="PASS">
          <reporter-output>
          </reporter-output>
        </test-method> <!-- InteregArrayAscendingOrder -->
      </class> <!-- com.test.JavaBasicPrograms -->
    </test> <!-- Default test -->
  </suite> <!-- Default suite -->
</testng-results>
